<?xml version="1.0" encoding="UTF-8"?>
<!-- Generated by org.testng.reporters.JUnitReportReporter -->
<testsuite hostname="LAPTOP-REMJ71M7" failures="0" tests="1" name="Test.ExtentReportsDemoWithTestNG" time="2.812" errors="0" timestamp="2023-11-28T12:23:42 IST" skipped="0">
  <testcase classname="Test.ExtentReportsDemoWithTestNG" name="test" time="2.812"/>
</testsuite> <!-- Test.ExtentReportsDemoWithTestNG -->
