<?xml version="1.0" encoding="UTF-8"?>
<!-- Generated by org.testng.reporters.JUnitReportReporter -->
<testsuite hostname="LAPTOP-REMJ71M7" failures="0" tests="3" name="demo.TestNGPriorityDemo" time="0.018" errors="0" timestamp="2023-11-30T13:29:55 IST" skipped="0">
  <testcase classname="demo.TestNGPriorityDemo" name="test2" time="0.012"/>
  <testcase classname="demo.TestNGPriorityDemo" name="test3" time="0.003"/>
  <testcase classname="demo.TestNGPriorityDemo" name="test1" time="0.003"/>
</testsuite> <!-- demo.TestNGPriorityDemo -->
