<?xml version="1.0" encoding="UTF-8"?>
<!-- Generated by org.testng.reporters.JUnitReportReporter -->
<testsuite hostname="LAPTOP-REMJ71M7" failures="0" tests="1" name="Test.TestNG_Demo" time="3.037" errors="0" timestamp="2023-11-29T15:00:55 IST" skipped="0">
  <testcase classname="Test.TestNG_Demo" name="googleSearch" time="3.037"/>
</testsuite> <!-- Test.TestNG_Demo -->
