<?xml version="1.0" encoding="UTF-8"?>
<!-- Generated by org.testng.reporters.JUnitReportReporter -->
<testsuite hostname="LAPTOP-REMJ71M7" failures="0" tests="3" name="demo.TestNGDependenciesDemo" time="0.016" errors="0" timestamp="2023-11-30T14:58:34 IST" skipped="0">
  <testcase classname="demo.TestNGDependenciesDemo" name="test3" time="0.002"/>
  <testcase classname="demo.TestNGDependenciesDemo" name="test2" time="0.011"/>
  <testcase classname="demo.TestNGDependenciesDemo" name="test1" time="0.003"/>
</testsuite> <!-- demo.TestNGDependenciesDemo -->
