<?xml version="1.0" encoding="UTF-8"?>
<!-- Generated by org.testng.reporters.JUnitReportReporter -->
<testsuite hostname="LAPTOP-REMJ71M7" failures="0" tests="4" name="demo.TestNGGroupsDemo" time="0.018" errors="0" timestamp="2023-11-30T14:55:21 IST" skipped="0">
  <testcase classname="demo.TestNGGroupsDemo" name="test2" time="0.002"/>
  <testcase classname="demo.TestNGGroupsDemo" name="test4" time="0.003"/>
  <testcase classname="demo.TestNGGroupsDemo" name="test3" time="0.003"/>
  <testcase classname="demo.TestNGGroupsDemo" name="test1" time="0.010"/>
</testsuite> <!-- demo.TestNGGroupsDemo -->
