<?xml version="1.0" encoding="UTF-8"?>
<!-- Generated by org.testng.reporters.JUnitReportReporter -->
<testsuite hostname="LAPTOP-REMJ71M7" failures="0" tests="1" name="Test.TestNG_Demo2" time="4.697" errors="0" timestamp="2023-11-27T17:02:44 IST" skipped="0">
  <testcase classname="Test.TestNG_Demo2" name="googleSearch3" time="4.697"/>
</testsuite> <!-- Test.TestNG_Demo2 -->
