<?xml version="1.0" encoding="UTF-8"?>
<!-- Generated by org.testng.reporters.JUnitReportReporter -->
<testsuite hostname="LAPTOP-REMJ71M7" failures="0" tests="1" name="demo.TestNGParametersDemo" time="0.011" errors="0" timestamp="2023-11-30T14:41:19 IST" skipped="0">
  <testcase classname="demo.TestNGParametersDemo" name="test" time="0.011"/>
</testsuite> <!-- demo.TestNGParametersDemo -->
