<?xml version="1.0" encoding="UTF-8"?>
<!-- Generated by org.testng.reporters.JUnitReportReporter -->
<testsuite hostname="LAPTOP-REMJ71M7" failures="0" tests="2" name="demo.TestNGIgnoreTestDemo" time="0.013" errors="0" timestamp="2023-11-30T15:03:33 IST" skipped="1">
  <testcase classname="demo.TestNGIgnoreTestDemo" name="test2" time="0.013"/>
  <testcase classname="demo.TestNGIgnoreTestDemo" name="test1">
    <skipped/>
  </testcase> <!-- test1 -->
</testsuite> <!-- demo.TestNGIgnoreTestDemo -->
