<?xml version="1.0" encoding="UTF-8"?>
<!-- Generated by org.testng.reporters.JUnitReportReporter -->
<testsuite hostname="LAPTOP-REMJ71M7" failures="0" tests="4" name="listeners.TestNGListenerDemo2" time="0.014" errors="0" timestamp="2023-11-30T12:35:40 IST" skipped="1">
  <testcase classname="listeners.TestNGListenerDemo2" name="test6" time="0.004"/>
  <testcase classname="listeners.TestNGListenerDemo2" name="test5" time="0.003"/>
  <testcase classname="listeners.TestNGListenerDemo2" name="test7" time="0.003">
    <skipped/>
  </testcase> <!-- test7 -->
  <testcase classname="listeners.TestNGListenerDemo2" name="test8" time="0.004"/>
</testsuite> <!-- listeners.TestNGListenerDemo2 -->
